Build started 9/8/2016 1:44:50 AM.
     1>Project "c:\Users\allco\documents\visual studio 2013\Projects\Project1\Project1\Project1.vcxproj" on node 2 (Build target(s)).
     1>ClCompile:
         C:\Program Files (x86)\Microsoft Visual Studio 12.0\VC\bin\CL.exe /c /I"C:\Users\allco\Time\glfw-3.2.1.bin.WIN64\include" /I"C:\Users\allco\Time\glew-2.0.0\include" /ZI /nologo /W3 /WX- /sdl /Od /Oy- /D _MBCS /Gm /EHsc /RTC1 /MDd /GS /fp:precise /Zc:wchar_t /Zc:forScope /Fo"Debug\\" /Fd"Debug\vc120.pdb" /Gd /TP /analyze- /errorReport:prompt Initialize.cpp
         Initialize.cpp
       Link:
         C:\Program Files (x86)\Microsoft Visual Studio 12.0\VC\bin\link.exe /ERRORREPORT:PROMPT /OUT:"c:\users\allco\documents\visual studio 2013\Projects\Project1\Debug\Project1.exe" /INCREMENTAL /NOLOGO /LIBPATH:"C:\Users\allco\Time\glfw-3.2.1.bin.WIN64\lib-vc2013" /LIBPATH:"C:\Users\allco\Time\glew-2.0.0\lib\Release\x64" opengl32.lib glew32.lib glfw3.lib kernel32.lib user32.lib gdi32.lib winspool.lib comdlg32.lib advapi32.lib shell32.lib ole32.lib oleaut32.lib uuid.lib odbc32.lib odbccp32.lib /MANIFEST /MANIFESTUAC:"level='asInvoker' uiAccess='false'" /manifest:embed /DEBUG /PDB:"c:\users\allco\documents\visual studio 2013\Projects\Project1\Debug\Project1.pdb" /TLBID:1 /DYNAMICBASE /NXCOMPAT /IMPLIB:"c:\users\allco\documents\visual studio 2013\Projects\Project1\Debug\Project1.lib" /MACHINE:X86 Debug\Initialize.obj
     1>Initialize.obj : error LNK2019: unresolved external symbol __imp__glewInit@0 referenced in function _main
     1>Initialize.obj : error LNK2019: unresolved external symbol _glfwInit referenced in function _main
     1>Initialize.obj : error LNK2019: unresolved external symbol _glfwTerminate referenced in function _main
     1>Initialize.obj : error LNK2019: unresolved external symbol _glfwWindowHint referenced in function _main
     1>Initialize.obj : error LNK2019: unresolved external symbol _glfwCreateWindow referenced in function _main
     1>Initialize.obj : error LNK2019: unresolved external symbol _glfwWindowShouldClose referenced in function _main
     1>Initialize.obj : error LNK2019: unresolved external symbol _glfwSetWindowShouldClose referenced in function "void __cdecl key_callback(struct GLFWwindow *,int,int,int,int)" (?key_callback@@YAXPAUGLFWwindow@@HHHH@Z)
     1>Initialize.obj : error LNK2019: unresolved external symbol _glfwGetFramebufferSize referenced in function _main
     1>Initialize.obj : error LNK2019: unresolved external symbol _glfwPollEvents referenced in function _main
     1>Initialize.obj : error LNK2019: unresolved external symbol _glfwSetKeyCallback referenced in function _main
     1>Initialize.obj : error LNK2019: unresolved external symbol _glfwMakeContextCurrent referenced in function _main
     1>Initialize.obj : error LNK2019: unresolved external symbol _glfwSwapBuffers referenced in function _main
     1>Initialize.obj : error LNK2001: unresolved external symbol __imp____glewBindBuffer
     1>Initialize.obj : error LNK2001: unresolved external symbol __imp____glewBufferData
     1>Initialize.obj : error LNK2001: unresolved external symbol __imp____glewDeleteBuffers
     1>Initialize.obj : error LNK2001: unresolved external symbol __imp____glewGenBuffers
     1>Initialize.obj : error LNK2001: unresolved external symbol __imp____glewAttachShader
     1>Initialize.obj : error LNK2001: unresolved external symbol __imp____glewCompileShader
     1>Initialize.obj : error LNK2001: unresolved external symbol __imp____glewCreateProgram
     1>Initialize.obj : error LNK2001: unresolved external symbol __imp____glewCreateShader
     1>Initialize.obj : error LNK2001: unresolved external symbol __imp____glewDeleteShader
     1>Initialize.obj : error LNK2001: unresolved external symbol __imp____glewEnableVertexAttribArray
     1>Initialize.obj : error LNK2001: unresolved external symbol __imp____glewGetProgramInfoLog
     1>Initialize.obj : error LNK2001: unresolved external symbol __imp____glewGetProgramiv
     1>Initialize.obj : error LNK2001: unresolved external symbol __imp____glewGetShaderInfoLog
     1>Initialize.obj : error LNK2001: unresolved external symbol __imp____glewGetShaderiv
     1>Initialize.obj : error LNK2001: unresolved external symbol __imp____glewLinkProgram
     1>Initialize.obj : error LNK2001: unresolved external symbol __imp____glewShaderSource
     1>Initialize.obj : error LNK2001: unresolved external symbol __imp____glewUseProgram
     1>Initialize.obj : error LNK2001: unresolved external symbol __imp____glewVertexAttribPointer
     1>Initialize.obj : error LNK2001: unresolved external symbol __imp____glewBindVertexArray
     1>Initialize.obj : error LNK2001: unresolved external symbol __imp____glewDeleteVertexArrays
     1>Initialize.obj : error LNK2001: unresolved external symbol __imp____glewGenVertexArrays
     1>Initialize.obj : error LNK2001: unresolved external symbol __imp__glewExperimental
     1>c:\users\allco\documents\visual studio 2013\Projects\Project1\Debug\Project1.exe : fatal error LNK1120: 34 unresolved externals
     1>Done Building Project "c:\Users\allco\documents\visual studio 2013\Projects\Project1\Project1\Project1.vcxproj" (Build target(s)) -- FAILED.

Build FAILED.

Time Elapsed 00:00:00.63
